CCS PCM C Compiler, Version 3.127, 16805

               Filename: Y:\É}ÉCÉRÉìêßå‰\p873_002.LST

               ROM used: 66 (2%)
                         Largest free fragment is 2048
               RAM used: 6 (3%) at main() level
                         7 (4%) worst case
               Stack:    1 locations

*
0000:  MOVLW  00
0001:  MOVWF  0A
0002:  GOTO   017
0003:  NOP
....................  //	<< p873_002.c >>		2012/02 Y.Takada  
.................... //	Port_B Å@: LED_bord  
.................... //  
.................... #include <j:\ccs-c\devices\16f873a.h> 
....................  //////// Standard Header file for the PIC16F873A device ////////////////  
.................... #device PIC16F873A  
.................... #list  
....................  
.................... #Fuses HS,NOWDT,NOPROTECT,NOLVP  
.................... #use delay(clock=20000000)  
0004:  MOVLW  27
0005:  MOVWF  04
0006:  MOVF   00,W
0007:  BTFSC  03.2
0008:  GOTO   016
0009:  MOVLW  06
000A:  MOVWF  21
000B:  CLRF   20
000C:  DECFSZ 20,F
000D:  GOTO   00C
000E:  DECFSZ 21,F
000F:  GOTO   00B
0010:  MOVLW  7B
0011:  MOVWF  20
0012:  DECFSZ 20,F
0013:  GOTO   012
0014:  DECFSZ 00,F
0015:  GOTO   009
0016:  RETLW  00
.................... void main(void)  
.................... {  
0017:  CLRF   04
0018:  MOVLW  1F
0019:  ANDWF  03,F
001A:  MOVLW  07
001B:  BSF    03.5
001C:  MOVWF  1F
001D:  MOVLW  07
001E:  BCF    03.5
001F:  MOVWF  1F
.................... 	set_tris_b(0x00);					//	PORT_B		output	LED  
0020:  MOVLW  00
0021:  BSF    03.5
0022:  MOVWF  06
.................... 	output_b(0x00);  
0023:  MOVLW  00
0024:  MOVWF  06
0025:  BCF    03.5
0026:  CLRF   06
.................... 	  
.................... 	while(1)	{					//	Å~Å~Å~Å~Å~Å~Å~Å~  
.................... 		output_b(0x00);					//	500msë“Ç¬  
0027:  MOVLW  00
0028:  BSF    03.5
0029:  MOVWF  06
002A:  BCF    03.5
002B:  CLRF   06
.................... 		delay_ms(300);					//	Å~ÅõÅ~ÅõÅ~ÅõÅ~Åõ  
002C:  MOVLW  02
002D:  MOVWF  26
002E:  MOVLW  96
002F:  MOVWF  27
0030:  CALL   004
0031:  DECFSZ 26,F
0032:  GOTO   02E
.................... 		output_b(0xff);					//	500msë“Ç¬  
0033:  MOVLW  00
0034:  BSF    03.5
0035:  MOVWF  06
0036:  MOVLW  FF
0037:  BCF    03.5
0038:  MOVWF  06
.................... 		delay_ms(300);				  
0039:  MOVLW  02
003A:  MOVWF  26
003B:  MOVLW  96
003C:  MOVWF  27
003D:  CALL   004
003E:  DECFSZ 26,F
003F:  GOTO   03B
.................... 	}  
0040:  GOTO   027
.................... } 
0041:  SLEEP
