CCS PCM C Compiler, Version 3.127, 16805

               Filename: Y:\É}ÉCÉRÉìêßå‰\p873_001.LST

               ROM used: 67 (2%)
                         Largest free fragment is 2048
               RAM used: 6 (3%) at main() level
                         7 (4%) worst case
               Stack:    1 locations

*
0000:  MOVLW  00
0001:  MOVWF  0A
0002:  GOTO   017
0003:  NOP
....................  //	<< p873_001.c >>		2012/02 Y.Takada  
.................... //	Port_B Å@: LED_bord  
.................... //  
.................... #include <j:\ccs-c\devices\16f873a.h> 
....................  //////// Standard Header file for the PIC16F873A device ////////////////  
.................... #device PIC16F873A  
.................... #list  
....................  
.................... #Fuses HS,NOWDT,NOPROTECT,NOLVP  
.................... #use delay(clock=20000000)  
0004:  MOVLW  27
0005:  MOVWF  04
0006:  MOVF   00,W
0007:  BTFSC  03.2
0008:  GOTO   016
0009:  MOVLW  06
000A:  MOVWF  21
000B:  CLRF   20
000C:  DECFSZ 20,F
000D:  GOTO   00C
000E:  DECFSZ 21,F
000F:  GOTO   00B
0010:  MOVLW  7B
0011:  MOVWF  20
0012:  DECFSZ 20,F
0013:  GOTO   012
0014:  DECFSZ 00,F
0015:  GOTO   009
0016:  RETLW  00
.................... void main(void)  
.................... {  
0017:  CLRF   04
0018:  MOVLW  1F
0019:  ANDWF  03,F
001A:  MOVLW  07
001B:  BSF    03.5
001C:  MOVWF  1F
001D:  MOVLW  07
001E:  BCF    03.5
001F:  MOVWF  1F
.................... 	set_tris_b(0x00);					//	PORT_B		output	LED  
0020:  MOVLW  00
0021:  BSF    03.5
0022:  MOVWF  06
.................... 	output_b(0x00);  
0023:  MOVLW  00
0024:  MOVWF  06
0025:  BCF    03.5
0026:  CLRF   06
.................... 	  
.................... 	while(1)	{					//	ÅõÅ~ÅõÅ~ÅõÅ~ÅõÅ~  
.................... 		output_b(0xaa);					//	500msë“Ç¬  
0027:  MOVLW  00
0028:  BSF    03.5
0029:  MOVWF  06
002A:  MOVLW  AA
002B:  BCF    03.5
002C:  MOVWF  06
.................... 		delay_ms(500);					//	Å~ÅõÅ~ÅõÅ~ÅõÅ~Åõ  
002D:  MOVLW  02
002E:  MOVWF  26
002F:  MOVLW  FA
0030:  MOVWF  27
0031:  CALL   004
0032:  DECFSZ 26,F
0033:  GOTO   02F
.................... 		output_b(0x55);					//	500msë“Ç¬  
0034:  MOVLW  00
0035:  BSF    03.5
0036:  MOVWF  06
0037:  MOVLW  55
0038:  BCF    03.5
0039:  MOVWF  06
.................... 		delay_ms(500);				  
003A:  MOVLW  02
003B:  MOVWF  26
003C:  MOVLW  FA
003D:  MOVWF  27
003E:  CALL   004
003F:  DECFSZ 26,F
0040:  GOTO   03C
.................... 	}  
0041:  GOTO   027
.................... } 
0042:  SLEEP
